#
# There is insufficient memory for the Java Runtime Environment to continue.
# Native memory allocation (malloc) failed to allocate 1048576 bytes for AllocateHeap
# Possible reasons:
#   The system is out of physical RAM or swap space
#   In 32 bit mode, the process size limit was hit
# Possible solutions:
#   Reduce memory load on the system
#   Increase physical memory or swap space
#   Check if swap backing store is full
#   Use 64 bit Java on a 64 bit OS
#   Decrease Java heap size (-Xmx/-Xms)
#   Decrease number of Java threads
#   Decrease Java thread stack sizes (-Xss)
#   Set larger code cache with -XX:ReservedCodeCacheSize=
# This output file may be truncated or incomplete.
#
#  Out of Memory Error (memory/allocation.inline.hpp:61), pid=38580, tid=0x0000000000007788
#
# JRE version:  (8.0_171-b11) (build )
# Java VM: Java HotSpot(TM) 64-Bit Server VM (25.171-b11 mixed mode windows-amd64 compressed oops)
# Failed to write core dump. Minidumps are not enabled by default on client versions of Windows
#

---------------  T H R E A D  ---------------

Current thread (0x00000000031c5000):  JavaThread "Unknown thread" [_thread_in_vm, id=30600, stack(0x0000000002bf0000,0x0000000002cf0000)]

Stack: [0x0000000002bf0000,0x0000000002cf0000]
[error occurred during error reporting (printing stack bounds), id 0xc0000005]

Native frames: (J=compiled Java code, j=interpreted, Vv=VM code, C=native code)


---------------  P R O C E S S  ---------------

Java Threads: ( => current thread )

Other Threads:

=>0x00000000031c5000 (exited) JavaThread "Unknown thread" [_thread_in_vm, id=30600, stack(0x0000000002bf0000,0x0000000002cf0000)]

VM state:not at safepoint (normal execution)

VM Mutex/Monitor currently owned by a thread: None

Heap:
 PSYoungGen      total 37888K, used 655K [0x00000000f5580000, 0x00000000f7f80000, 0x0000000100000000)
  eden space 32768K, 2% used [0x00000000f5580000,0x00000000f5623d80,0x00000000f7580000)
  from space 5120K, 0% used [0x00000000f7a80000,0x00000000f7a80000,0x00000000f7f80000)
  to   space 5120K, 0% used [0x00000000f7580000,0x00000000f7580000,0x00000000f7a80000)
 ParOldGen       total 86016K, used 0K [0x00000000e0000000, 0x00000000e5400000, 0x00000000f5580000)
  object space 86016K, 0% used [0x00000000e0000000,0x00000000e0000000,0x00000000e5400000)
 Metaspace       used 774K, capacity 4480K, committed 4480K, reserved 1056768K
  class space    used 76K, capacity 384K, committed 384K, reserved 1048576K

Card table byte_map: [0x0000000012680000,0x0000000012790000] byte_map_base: 0x0000000011f80000

Marking Bits: (ParMarkBitMap*) 0x00000000767708c0
 Begin Bits: [0x0000000013040000, 0x0000000013840000)
 End Bits:   [0x0000000013840000, 0x0000000014040000)

Polling page: 0x00000000013d0000

CodeCache: size=245760Kb used=328Kb max_used=328Kb free=245431Kb
 bounds [0x00000000032c0000, 0x0000000003530000, 0x00000000122c0000]
 total_blobs=58 nmethods=0 adapters=38
 compilation: enabled

Compilation events (0 events):
No events

GC Heap History (0 events):
No events

Deoptimization events (0 events):
No events

Classes redefined (0 events):
No events

Internal exceptions (0 events):
No events

Events (10 events):
Event: 0.107 loading class java/lang/Short
Event: 0.107 loading class java/lang/Short done
Event: 0.107 loading class java/lang/Integer
Event: 0.107 loading class java/lang/Integer done
Event: 0.107 loading class java/lang/Long
Event: 0.107 loading class java/lang/Long done
Event: 0.108 loading class java/lang/NullPointerException
Event: 0.108 loading class java/lang/NullPointerException done
Event: 0.108 loading class java/lang/ArithmeticException
Event: 0.108 loading class java/lang/ArithmeticException done


Dynamic libraries:
0x00007ff6391e0000 - 0x00007ff639217000 	C:\Program Files\Java\jdk1.8.0_171\bin\java.exe
0x00007ffca3a60000 - 0x00007ffca3c41000 	C:\WINDOWS\SYSTEM32\ntdll.dll
0x00007ffca3470000 - 0x00007ffca3521000 	C:\WINDOWS\System32\KERNEL32.DLL
0x00007ffca0c10000 - 0x00007ffca0e83000 	C:\WINDOWS\System32\KERNELBASE.dll
0x00007ffca2b90000 - 0x00007ffca2c31000 	C:\WINDOWS\System32\ADVAPI32.dll
0x00007ffca3970000 - 0x00007ffca3a0e000 	C:\WINDOWS\System32\msvcrt.dll
0x00007ffca31a0000 - 0x00007ffca31fb000 	C:\WINDOWS\System32\sechost.dll
0x00007ffca32d0000 - 0x00007ffca33f4000 	C:\WINDOWS\System32\RPCRT4.dll
0x00007ffca0f00000 - 0x00007ffca1090000 	C:\WINDOWS\System32\USER32.dll
0x00007ffc9fee0000 - 0x00007ffc9ff00000 	C:\WINDOWS\System32\win32u.dll
0x00007ffca3170000 - 0x00007ffca3198000 	C:\WINDOWS\System32\GDI32.dll
0x00007ffca0800000 - 0x00007ffca0992000 	C:\WINDOWS\System32\gdi32full.dll
0x00007ffc9ff50000 - 0x00007ffc9ffef000 	C:\WINDOWS\System32\msvcp_win.dll
0x00007ffc9fff0000 - 0x00007ffca00e8000 	C:\WINDOWS\System32\ucrtbase.dll
0x00007ffc872a0000 - 0x00007ffc87509000 	C:\WINDOWS\WinSxS\amd64_microsoft.windows.common-controls_6595b64144ccf1df_6.0.17134.765_none_fb42a1a930655896\COMCTL32.dll
0x00007ffca3530000 - 0x00007ffca3852000 	C:\WINDOWS\System32\combase.dll
0x00007ffca0b90000 - 0x00007ffca0c0a000 	C:\WINDOWS\System32\bcryptPrimitives.dll
0x00007ffca1680000 - 0x00007ffca16ad000 	C:\WINDOWS\System32\IMM32.DLL
0x0000000077a60000 - 0x0000000077b32000 	C:\Program Files\Java\jdk1.8.0_171\jre\bin\msvcr100.dll
0x0000000075f50000 - 0x00000000767f0000 	C:\Program Files\Java\jdk1.8.0_171\jre\bin\server\jvm.dll
0x00007ffca2cc0000 - 0x00007ffca2cc8000 	C:\WINDOWS\System32\PSAPI.DLL
0x00007ffc9b760000 - 0x00007ffc9b783000 	C:\WINDOWS\SYSTEM32\WINMM.dll
0x00007ffc8a2d0000 - 0x00007ffc8a2d9000 	C:\WINDOWS\SYSTEM32\WSOCK32.dll
0x00007ffc92ca0000 - 0x00007ffc92caa000 	C:\WINDOWS\SYSTEM32\VERSION.dll
0x00007ffc9b720000 - 0x00007ffc9b74a000 	C:\WINDOWS\SYSTEM32\WINMMBASE.dll
0x00007ffca3400000 - 0x00007ffca346c000 	C:\WINDOWS\System32\WS2_32.dll
0x00007ffc9ff00000 - 0x00007ffc9ff49000 	C:\WINDOWS\System32\cfgmgr32.dll
0x0000000050c70000 - 0x0000000050c7f000 	C:\Program Files\Java\jdk1.8.0_171\jre\bin\verify.dll
0x0000000050080000 - 0x00000000500a9000 	C:\Program Files\Java\jdk1.8.0_171\jre\bin\java.dll
0x0000000077bd0000 - 0x0000000077bf3000 	C:\Program Files\Java\jdk1.8.0_171\jre\bin\instrument.dll
0x0000000050060000 - 0x0000000050076000 	C:\Program Files\Java\jdk1.8.0_171\jre\bin\zip.dll

VM Arguments:
jvm_args: -javaagent:C:\Program Files\JetBrains\IntelliJ IDEA 2018.1.5\lib\idea_rt.jar=58808:C:\Program Files\JetBrains\IntelliJ IDEA 2018.1.5\bin -Dfile.encoding=UTF-8 -Xmx512M 
java_command: com.java.gui.ComputeTest
java_class_path (initial): C:\Program Files\Java\jdk1.8.0_171\jre\lib\charsets.jar;C:\Program Files\Java\jdk1.8.0_171\jre\lib\deploy.jar;C:\Program Files\Java\jdk1.8.0_171\jre\lib\ext\access-bridge-64.jar;C:\Program Files\Java\jdk1.8.0_171\jre\lib\ext\cldrdata.jar;C:\Program Files\Java\jdk1.8.0_171\jre\lib\ext\dnsns.jar;C:\Program Files\Java\jdk1.8.0_171\jre\lib\ext\jaccess.jar;C:\Program Files\Java\jdk1.8.0_171\jre\lib\ext\jfxrt.jar;C:\Program Files\Java\jdk1.8.0_171\jre\lib\ext\localedata.jar;C:\Program Files\Java\jdk1.8.0_171\jre\lib\ext\nashorn.jar;C:\Program Files\Java\jdk1.8.0_171\jre\lib\ext\sunec.jar;C:\Program Files\Java\jdk1.8.0_171\jre\lib\ext\sunjce_provider.jar;C:\Program Files\Java\jdk1.8.0_171\jre\lib\ext\sunmscapi.jar;C:\Program Files\Java\jdk1.8.0_171\jre\lib\ext\sunpkcs11.jar;C:\Program Files\Java\jdk1.8.0_171\jre\lib\ext\zipfs.jar;C:\Program Files\Java\jdk1.8.0_171\jre\lib\javaws.jar;C:\Program Files\Java\jdk1.8.0_171\jre\lib\jce.jar;C:\Program Files\Java\jdk1.8.0_171\jre\lib\jfr.jar;C:\Program Files\Java\jdk1.8.0_171\jre\lib\jfxswt.jar;C:\Program Files\Java\jdk1.8.0_171\jre\lib\jsse.jar;C:\Program Files\Java\jdk1.8.0_171\jre\lib\management-agent.jar;C:\Program Files\Java\jdk1.8.0_171\jre\lib\plugin.jar;C:\Program Files\Java\jdk1.8.0_171\jre\lib\resources.jar;C:\Program Files\Java\jdk1.8.0_171\jre\lib\rt.jar;D:\Java2019\ThreadProject\ComputeTool\out\production\ComputeTool;C:\Program Files\JetBrains\IntelliJ IDEA 2018.1.5\lib\idea_rt.jar
Launcher Type: SUN_STANDARD

Environment Variables:
JAVA_HOME=C:\Program Files\Java\jdk-10.0.1
_JAVA_OPTIONS=-Xmx512M
PATH=C:\Program Files (x86)\Intel\iCLS Client\;C:\Program Files\Python36\Scripts\;C:\Program Files\Python36\;C:\Program Files\Intel\iCLS Client\;C:\WINDOWS\system32;C:\WINDOWS;C:\WINDOWS\System32\Wbem;C:\WINDOWS\System32\WindowsPowerShell\v1.0\;C:\WINDOWS\system32\config\systemprofile\.dnx\bin;C:\Program Files\Microsoft DNX\Dnvm\;C:\Program Files (x86)\Intel\Intel(R) Management Engine Components\DAL;C:\Program Files\Intel\Intel(R) Management Engine Components\DAL;C:\Program Files (x86)\Intel\Intel(R) Management Engine Components\IPT;C:\Program Files\Intel\Intel(R) Management Engine Components\IPT;C:\Users\79805\Documents\mysql-5.6.39-winx64\mysql\bin;C:\Program Files (x86)\IDM Computer Solutions\UltraEdit;C:\Program Files\IDM Computer Solutions\UltraCompare;C:\Program Files\Intel\WiFi\bin\;C:\Program Files\Common Files\Intel\WirelessCommon\;C:\Program Files\dotnet\;C:\Program Files\Microsoft SQL Server\130\Tools\Binn\;C:\Program Files\Git\cmd;C:\Program Files\Git\mingw64\bin;C:\Program Files\Git\usr\bin;C:\WINDOWS\System32\OpenSSH\;D:\opt\phantomjs-2.1.1-windows\phantomjs-2.1.1-windows\bin;C:\Program Files\nodejs\;C:\Users\79805\AppData\Roaming\npm;C:\Users\79805\Anaconda3\Scripts;D:\apache-maven-3.5.4\apache-maven-3.5.4\bin;C:\Program Files\Java\jdk-10.0.1\bin;C:\Program Files\Java\jdk1.8.0_171\bin;C:\Users\79805\AppData\Local\Microsoft\WindowsApps;C:\Users\79805\AppData\Roaming\npm;C:\Users\79805\AppData\Local\Programs\Microsoft VS Code\bin;C:\Program Files\Microsoft VS Code\bin;C:\ProgramData\79805\GitHubDesktop\bin;C:\Program Files\JetBrains\CLion 2019.1.3\bin;;C:\Program Files (x86)\SSH Communications Security\SSH Secure Shell
USERNAME=79805
OS=Windows_NT
PROCESSOR_IDENTIFIER=Intel64 Family 6 Model 142 Stepping 10, GenuineIntel



---------------  S Y S T E M  ---------------

OS: Windows 10.0 , 64 bit Build 17134 (10.0.17134.753)

CPU:total 8 (initial active 8) (4 cores per cpu, 2 threads per core) family 6 model 142 stepping 10, cmov, cx8, fxsr, mmx, sse, sse2, sse3, ssse3, sse4.1, sse4.2, popcnt, avx, avx2, aes, clmul, erms, 3dnowpref, lzcnt, ht, tsc, tscinvbit, bmi1, bmi2, adx

Memory: 4k page, physical 8235688k(1836340k free), swap 14527144k(4584k free)

vm_info: Java HotSpot(TM) 64-Bit Server VM (25.171-b11) for windows-amd64 JRE (1.8.0_171-b11), built on Mar 28 2018 16:06:12 by "java_re" with MS VC++ 10.0 (VS2010)

time: Mon May 27 20:23:57 2019
elapsed time: 0 seconds (0d 0h 0m 0s)

